[0124/000354.600:ERROR:directory_reader_win.cc(43)] FindFirstFile: Системе не удается найти указанный путь. (0x3)
[0125/205039.890:ERROR:directory_reader_win.cc(43)] FindFirstFile: Системе не удается найти указанный путь. (0x3)
[0128/041415.312:ERROR:directory_reader_win.cc(43)] FindFirstFile: Системе не удается найти указанный путь. (0x3)
[0128/041415.333:ERROR:filesystem_win.cc(129)] GetFileAttributes C:\Users\Nikolay\AppData\Local\Google\Chrome\User Data\Crashpad\attachments\17a0eb92-a895-4f7d-bef0-0d3d5456cec5: Системе не удается найти указанный путь. (0x3)
[0128/041415.338:ERROR:filesystem_win.cc(129)] GetFileAttributes C:\Users\Nikolay\AppData\Local\Google\Chrome\User Data\Crashpad\attachments\e5b87741-fb5a-4527-aef9-4f2f3f649ff6: Системе не удается найти указанный путь. (0x3)
[0128/041415.343:ERROR:filesystem_win.cc(129)] GetFileAttributes C:\Users\Nikolay\AppData\Local\Google\Chrome\User Data\Crashpad\attachments\856e7c93-9971-4340-9fe7-f82b2b011c36: Системе не удается найти указанный путь. (0x3)
[0128/041415.348:ERROR:filesystem_win.cc(129)] GetFileAttributes C:\Users\Nikolay\AppData\Local\Google\Chrome\User Data\Crashpad\attachments\803f0fb1-ff49-46e8-9fa6-59da3e9a1177: Системе не удается найти указанный путь. (0x3)
[0128/041415.353:ERROR:filesystem_win.cc(129)] GetFileAttributes C:\Users\Nikolay\AppData\Local\Google\Chrome\User Data\Crashpad\attachments\62af392b-95e9-4170-a288-a2d058a11720: Системе не удается найти указанный путь. (0x3)
[0128/041415.359:ERROR:filesystem_win.cc(129)] GetFileAttributes C:\Users\Nikolay\AppData\Local\Google\Chrome\User Data\Crashpad\attachments\e5382ea7-dfaf-40f4-98e6-f9e1f0c792a5: Системе не удается найти указанный путь. (0x3)
[0128/041415.364:ERROR:filesystem_win.cc(129)] GetFileAttributes C:\Users\Nikolay\AppData\Local\Google\Chrome\User Data\Crashpad\attachments\e8018046-80d9-4fb8-986a-b3163d883849: Системе не удается найти указанный путь. (0x3)
[0128/041415.369:ERROR:filesystem_win.cc(129)] GetFileAttributes C:\Users\Nikolay\AppData\Local\Google\Chrome\User Data\Crashpad\attachments\ae80e706-5536-4040-b150-0f2621ce9833: Системе не удается найти указанный путь. (0x3)
[0128/041415.374:ERROR:filesystem_win.cc(129)] GetFileAttributes C:\Users\Nikolay\AppData\Local\Google\Chrome\User Data\Crashpad\attachments\aa28ce72-10b9-4f3b-a340-7ee88def7937: Системе не удается найти указанный путь. (0x3)
[0128/041415.379:ERROR:filesystem_win.cc(129)] GetFileAttributes C:\Users\Nikolay\AppData\Local\Google\Chrome\User Data\Crashpad\attachments\3d2655fe-1b77-4aa2-9b3d-d62d19a8ba54: Системе не удается найти указанный путь. (0x3)
[0128/041415.385:ERROR:filesystem_win.cc(129)] GetFileAttributes C:\Users\Nikolay\AppData\Local\Google\Chrome\User Data\Crashpad\attachments\54acae70-bc26-469e-be07-cdd6079e2ca8: Системе не удается найти указанный путь. (0x3)
[0128/041415.390:ERROR:filesystem_win.cc(129)] GetFileAttributes C:\Users\Nikolay\AppData\Local\Google\Chrome\User Data\Crashpad\attachments\367dee1e-417e-4694-b6d7-d0869bb4ee4d: Системе не удается найти указанный путь. (0x3)
[0128/041415.395:ERROR:filesystem_win.cc(129)] GetFileAttributes C:\Users\Nikolay\AppData\Local\Google\Chrome\User Data\Crashpad\attachments\1a6432f8-e38e-4b3f-ae95-e922914eac68: Системе не удается найти указанный путь. (0x3)
[0128/041415.400:ERROR:filesystem_win.cc(129)] GetFileAttributes C:\Users\Nikolay\AppData\Local\Google\Chrome\User Data\Crashpad\attachments\61fa0b51-1683-475f-aaee-6c6e41478c2b: Системе не удается найти указанный путь. (0x3)
[0128/041415.405:ERROR:filesystem_win.cc(129)] GetFileAttributes C:\Users\Nikolay\AppData\Local\Google\Chrome\User Data\Crashpad\attachments\483552dc-89af-4761-b56a-f13d20a8d8b8: Системе не удается найти указанный путь. (0x3)
[0128/041415.410:ERROR:filesystem_win.cc(129)] GetFileAttributes C:\Users\Nikolay\AppData\Local\Google\Chrome\User Data\Crashpad\attachments\d56e13ee-3da4-4d5e-9977-fd7d88059fa0: Системе не удается найти указанный путь. (0x3)
[0128/041415.415:ERROR:filesystem_win.cc(129)] GetFileAttributes C:\Users\Nikolay\AppData\Local\Google\Chrome\User Data\Crashpad\attachments\e2769d2f-ccac-4cb3-9d7d-6318c0935f74: Системе не удается найти указанный путь. (0x3)
[0128/041415.420:ERROR:filesystem_win.cc(129)] GetFileAttributes C:\Users\Nikolay\AppData\Local\Google\Chrome\User Data\Crashpad\attachments\dd6cb8e0-7b96-4fb5-8abb-3fe5bb6331a4: Системе не удается найти указанный путь. (0x3)
[0128/041415.425:ERROR:filesystem_win.cc(129)] GetFileAttributes C:\Users\Nikolay\AppData\Local\Google\Chrome\User Data\Crashpad\attachments\5fca2782-f173-46cd-9d62-db3a4bedc6d2: Системе не удается найти указанный путь. (0x3)
[0128/041415.430:ERROR:filesystem_win.cc(129)] GetFileAttributes C:\Users\Nikolay\AppData\Local\Google\Chrome\User Data\Crashpad\attachments\fdeda856-8820-48f7-8beb-9aa6cd6ec2e6: Системе не удается найти указанный путь. (0x3)
[0128/041415.435:ERROR:filesystem_win.cc(129)] GetFileAttributes C:\Users\Nikolay\AppData\Local\Google\Chrome\User Data\Crashpad\attachments\29baac55-56e1-4074-be43-22feb2d5eb32: Системе не удается найти указанный путь. (0x3)
[0128/041415.440:ERROR:filesystem_win.cc(129)] GetFileAttributes C:\Users\Nikolay\AppData\Local\Google\Chrome\User Data\Crashpad\attachments\15b9372a-3fe0-472a-8687-fa03cad97d1d: Системе не удается найти указанный путь. (0x3)
[0128/041415.445:ERROR:filesystem_win.cc(129)] GetFileAttributes C:\Users\Nikolay\AppData\Local\Google\Chrome\User Data\Crashpad\attachments\c7a6db34-c723-49e2-95e7-ceb7560edc5f: Системе не удается найти указанный путь. (0x3)
[0128/041415.450:ERROR:filesystem_win.cc(129)] GetFileAttributes C:\Users\Nikolay\AppData\Local\Google\Chrome\User Data\Crashpad\attachments\f1564849-2562-4a04-9879-3fed4fd34434: Системе не удается найти указанный путь. (0x3)
[0128/041415.454:ERROR:filesystem_win.cc(129)] GetFileAttributes C:\Users\Nikolay\AppData\Local\Google\Chrome\User Data\Crashpad\attachments\28be19e3-0c45-4c72-b28a-c355dffacb1e: Системе не удается найти указанный путь. (0x3)
[0128/041415.459:ERROR:filesystem_win.cc(129)] GetFileAttributes C:\Users\Nikolay\AppData\Local\Google\Chrome\User Data\Crashpad\attachments\932408b6-d200-402e-b887-67631ec51792: Системе не удается найти указанный путь. (0x3)
[0128/041415.464:ERROR:filesystem_win.cc(129)] GetFileAttributes C:\Users\Nikolay\AppData\Local\Google\Chrome\User Data\Crashpad\attachments\7c69a302-555d-42a0-a08c-eca8b0418633: Системе не удается найти указанный путь. (0x3)
[0128/041415.469:ERROR:filesystem_win.cc(129)] GetFileAttributes C:\Users\Nikolay\AppData\Local\Google\Chrome\User Data\Crashpad\attachments\b47fc267-3cc5-4e23-b7a3-33c0c0167478: Системе не удается найти указанный путь. (0x3)
[0128/041415.473:ERROR:filesystem_win.cc(129)] GetFileAttributes C:\Users\Nikolay\AppData\Local\Google\Chrome\User Data\Crashpad\attachments\82a43f8d-9a97-4d58-942f-a4303fc8a6d5: Системе не удается найти указанный путь. (0x3)
[0128/041415.478:ERROR:filesystem_win.cc(129)] GetFileAttributes C:\Users\Nikolay\AppData\Local\Google\Chrome\User Data\Crashpad\attachments\1b8f043c-b2c4-4990-ab2a-ab55ae8a1b92: Системе не удается найти указанный путь. (0x3)
[0128/041415.483:ERROR:filesystem_win.cc(129)] GetFileAttributes C:\Users\Nikolay\AppData\Local\Google\Chrome\User Data\Crashpad\attachments\92986d35-0550-43c3-8f80-9fb4c64c0435: Системе не удается найти указанный путь. (0x3)
[0128/041415.487:ERROR:filesystem_win.cc(129)] GetFileAttributes C:\Users\Nikolay\AppData\Local\Google\Chrome\User Data\Crashpad\attachments\c0738d75-38c8-4f70-82b4-cf3590960c52: Системе не удается найти указанный путь. (0x3)
[0128/041415.492:ERROR:filesystem_win.cc(129)] GetFileAttributes C:\Users\Nikolay\AppData\Local\Google\Chrome\User Data\Crashpad\attachments\7779fa39-3b3b-469b-9fda-98a065b68530: Системе не удается найти указанный путь. (0x3)
[0128/041415.496:ERROR:filesystem_win.cc(129)] GetFileAttributes C:\Users\Nikolay\AppData\Local\Google\Chrome\User Data\Crashpad\attachments\b0a6ba5d-a088-4348-b79c-6e8971d311af: Системе не удается найти указанный путь. (0x3)
[0128/041415.501:ERROR:filesystem_win.cc(129)] GetFileAttributes C:\Users\Nikolay\AppData\Local\Google\Chrome\User Data\Crashpad\attachments\7c447eaa-d5c2-4c9f-92ab-def8696e9508: Системе не удается найти указанный путь. (0x3)
[0128/041415.506:ERROR:filesystem_win.cc(129)] GetFileAttributes C:\Users\Nikolay\AppData\Local\Google\Chrome\User Data\Crashpad\attachments\04d5d638-ade1-49d2-84fd-30e86f3ab0b7: Системе не удается найти указанный путь. (0x3)
[0131/002242.979:ERROR:directory_reader_win.cc(43)] FindFirstFile: Системе не удается найти указанный путь. (0x3)
[0131/002242.995:ERROR:filesystem_win.cc(129)] GetFileAttributes C:\Users\Nikolay\AppData\Local\Google\Chrome\User Data\Crashpad\attachments\636b36fb-631a-456c-aba5-2dd530fef84c: Системе не удается найти указанный путь. (0x3)
[0131/002242.999:ERROR:filesystem_win.cc(129)] GetFileAttributes C:\Users\Nikolay\AppData\Local\Google\Chrome\User Data\Crashpad\attachments\15fe0527-e900-41bb-a715-d9719c768f95: Системе не удается найти указанный путь. (0x3)
[0131/002243.004:ERROR:filesystem_win.cc(129)] GetFileAttributes C:\Users\Nikolay\AppData\Local\Google\Chrome\User Data\Crashpad\attachments\e843cdb7-4263-4ba2-9b71-c7d8c00c4390: Системе не удается найти указанный путь. (0x3)
[0131/002243.008:ERROR:filesystem_win.cc(129)] GetFileAttributes C:\Users\Nikolay\AppData\Local\Google\Chrome\User Data\Crashpad\attachments\c47cfab6-17d8-435a-b37d-1a1be2d6f500: Системе не удается найти указанный путь. (0x3)
[0131/002243.013:ERROR:filesystem_win.cc(129)] GetFileAttributes C:\Users\Nikolay\AppData\Local\Google\Chrome\User Data\Crashpad\attachments\f6c34687-b2c6-409e-a385-f9c12053eede: Системе не удается найти указанный путь. (0x3)
[0131/002243.017:ERROR:filesystem_win.cc(129)] GetFileAttributes C:\Users\Nikolay\AppData\Local\Google\Chrome\User Data\Crashpad\attachments\df1856e1-2d31-4b19-af30-699787519ecd: Системе не удается найти указанный путь. (0x3)
[0131/002243.021:ERROR:filesystem_win.cc(129)] GetFileAttributes C:\Users\Nikolay\AppData\Local\Google\Chrome\User Data\Crashpad\attachments\6a0d81f7-a72d-4fac-bbfb-9eb07cea6320: Системе не удается найти указанный путь. (0x3)
[0131/002243.026:ERROR:filesystem_win.cc(129)] GetFileAttributes C:\Users\Nikolay\AppData\Local\Google\Chrome\User Data\Crashpad\attachments\333f9944-8ccf-48df-8f45-27306488baa5: Системе не удается найти указанный путь. (0x3)
[0131/002243.030:ERROR:filesystem_win.cc(129)] GetFileAttributes C:\Users\Nikolay\AppData\Local\Google\Chrome\User Data\Crashpad\attachments\e901f559-1e19-4ac2-a6a7-6412bb8a452c: Системе не удается найти указанный путь. (0x3)
[0131/002243.034:ERROR:filesystem_win.cc(129)] GetFileAttributes C:\Users\Nikolay\AppData\Local\Google\Chrome\User Data\Crashpad\attachments\6a00c787-48c8-4a1e-ac80-bca9dc550467: Системе не удается найти указанный путь. (0x3)
[0131/002243.038:ERROR:filesystem_win.cc(129)] GetFileAttributes C:\Users\Nikolay\AppData\Local\Google\Chrome\User Data\Crashpad\attachments\67f005ac-8206-4457-ac10-5f99f66810b8: Системе не удается найти указанный путь. (0x3)
[0131/002243.043:ERROR:filesystem_win.cc(129)] GetFileAttributes C:\Users\Nikolay\AppData\Local\Google\Chrome\User Data\Crashpad\attachments\6c8c20ae-8976-4c45-913b-a53432cc9b70: Системе не удается найти указанный путь. (0x3)
[0131/002243.047:ERROR:filesystem_win.cc(129)] GetFileAttributes C:\Users\Nikolay\AppData\Local\Google\Chrome\User Data\Crashpad\attachments\9980be00-e558-43dd-bdf9-34b844ba280b: Системе не удается найти указанный путь. (0x3)
[0131/002243.051:ERROR:filesystem_win.cc(129)] GetFileAttributes C:\Users\Nikolay\AppData\Local\Google\Chrome\User Data\Crashpad\attachments\2d148b16-0382-4d81-9907-fcf7a57d046f: Системе не удается найти указанный путь. (0x3)
[0131/002243.055:ERROR:filesystem_win.cc(129)] GetFileAttributes C:\Users\Nikolay\AppData\Local\Google\Chrome\User Data\Crashpad\attachments\bec8de3a-4fcc-44fe-94c5-f7e678a7d091: Системе не удается найти указанный путь. (0x3)
[0131/002243.059:ERROR:filesystem_win.cc(129)] GetFileAttributes C:\Users\Nikolay\AppData\Local\Google\Chrome\User Data\Crashpad\attachments\4528fa6a-3f76-4848-a126-2623c3a26069: Системе не удается найти указанный путь. (0x3)
[0131/002243.063:ERROR:filesystem_win.cc(129)] GetFileAttributes C:\Users\Nikolay\AppData\Local\Google\Chrome\User Data\Crashpad\attachments\845e66ec-638c-4398-8fcd-759a3a2a811f: Системе не удается найти указанный путь. (0x3)
[0131/002243.068:ERROR:filesystem_win.cc(129)] GetFileAttributes C:\Users\Nikolay\AppData\Local\Google\Chrome\User Data\Crashpad\attachments\e83271ee-1dec-4392-85b5-a2cb6e7d4c0b: Системе не удается найти указанный путь. (0x3)
[0131/002243.072:ERROR:filesystem_win.cc(129)] GetFileAttributes C:\Users\Nikolay\AppData\Local\Google\Chrome\User Data\Crashpad\attachments\f5376bd2-c9dc-44a8-872b-e789bc3459ad: Системе не удается найти указанный путь. (0x3)
[0131/002243.076:ERROR:filesystem_win.cc(129)] GetFileAttributes C:\Users\Nikolay\AppData\Local\Google\Chrome\User Data\Crashpad\attachments\0d52f940-feaa-422c-9994-e62bd39559cf: Системе не удается найти указанный путь. (0x3)
[0131/002243.080:ERROR:filesystem_win.cc(129)] GetFileAttributes C:\Users\Nikolay\AppData\Local\Google\Chrome\User Data\Crashpad\attachments\d4f184a6-0e2f-4337-b53f-a73b3aff2212: Системе не удается найти указанный путь. (0x3)
[0131/002243.084:ERROR:filesystem_win.cc(129)] GetFileAttributes C:\Users\Nikolay\AppData\Local\Google\Chrome\User Data\Crashpad\attachments\6847f6f5-c16a-4981-8299-ff9b18e3795c: Системе не удается найти указанный путь. (0x3)
[0131/002243.088:ERROR:filesystem_win.cc(129)] GetFileAttributes C:\Users\Nikolay\AppData\Local\Google\Chrome\User Data\Crashpad\attachments\aa9c43d1-070f-4084-a785-e099d4dfb2ba: Системе не удается найти указанный путь. (0x3)
[0131/002243.092:ERROR:filesystem_win.cc(129)] GetFileAttributes C:\Users\Nikolay\AppData\Local\Google\Chrome\User Data\Crashpad\attachments\cd2ac229-efb8-4f35-b279-59037a686a66: Системе не удается найти указанный путь. (0x3)
[0131/002243.096:ERROR:filesystem_win.cc(129)] GetFileAttributes C:\Users\Nikolay\AppData\Local\Google\Chrome\User Data\Crashpad\attachments\6f2cf7ce-cf3e-410f-a845-789b011fa102: Системе не удается найти указанный путь. (0x3)
[0131/002243.100:ERROR:filesystem_win.cc(129)] GetFileAttributes C:\Users\Nikolay\AppData\Local\Google\Chrome\User Data\Crashpad\attachments\cd8636b4-1512-44e6-a30f-a47a50029ac7: Системе не удается найти указанный путь. (0x3)
[0131/002243.104:ERROR:filesystem_win.cc(129)] GetFileAttributes C:\Users\Nikolay\AppData\Local\Google\Chrome\User Data\Crashpad\attachments\62b952f6-c270-494c-8f4e-3215c54e7e78: Системе не удается найти указанный путь. (0x3)
[0131/002243.108:ERROR:filesystem_win.cc(129)] GetFileAttributes C:\Users\Nikolay\AppData\Local\Google\Chrome\User Data\Crashpad\attachments\60d8d577-4433-4124-815f-9c594c08b55f: Системе не удается найти указанный путь. (0x3)
[0131/002243.112:ERROR:filesystem_win.cc(129)] GetFileAttributes C:\Users\Nikolay\AppData\Local\Google\Chrome\User Data\Crashpad\attachments\7fc7ed35-eb63-462c-b114-03d835e35d7f: Системе не удается найти указанный путь. (0x3)
[0131/002243.116:ERROR:filesystem_win.cc(129)] GetFileAttributes C:\Users\Nikolay\AppData\Local\Google\Chrome\User Data\Crashpad\attachments\a18ca964-7e64-4cd0-956a-dcff13e90a03: Системе не удается найти указанный путь. (0x3)
[0131/002243.120:ERROR:filesystem_win.cc(129)] GetFileAttributes C:\Users\Nikolay\AppData\Local\Google\Chrome\User Data\Crashpad\attachments\ee9b585c-dafe-42e4-a33b-310da844457f: Системе не удается найти указанный путь. (0x3)
[0131/002243.124:ERROR:filesystem_win.cc(129)] GetFileAttributes C:\Users\Nikolay\AppData\Local\Google\Chrome\User Data\Crashpad\attachments\e24807bd-d327-4ad0-9493-ca279238cf8d: Системе не удается найти указанный путь. (0x3)
[0131/002243.128:ERROR:filesystem_win.cc(129)] GetFileAttributes C:\Users\Nikolay\AppData\Local\Google\Chrome\User Data\Crashpad\attachments\cebd44fe-89e0-4f64-bdbf-b153f3f445ad: Системе не удается найти указанный путь. (0x3)
[0131/002243.131:ERROR:filesystem_win.cc(129)] GetFileAttributes C:\Users\Nikolay\AppData\Local\Google\Chrome\User Data\Crashpad\attachments\d2074291-d9be-44e9-b650-98dbe5232dcf: Системе не удается найти указанный путь. (0x3)
[0131/002243.135:ERROR:filesystem_win.cc(129)] GetFileAttributes C:\Users\Nikolay\AppData\Local\Google\Chrome\User Data\Crashpad\attachments\8e0ca28f-c4de-4301-b66d-d345e3358409: Системе не удается найти указанный путь. (0x3)
[0131/002243.139:ERROR:filesystem_win.cc(129)] GetFileAttributes C:\Users\Nikolay\AppData\Local\Google\Chrome\User Data\Crashpad\attachments\7ef04bb9-8094-4b18-95b6-43e1eb672991: Системе не удается найти указанный путь. (0x3)
[0131/002243.143:ERROR:filesystem_win.cc(129)] GetFileAttributes C:\Users\Nikolay\AppData\Local\Google\Chrome\User Data\Crashpad\attachments\731e4b02-2e26-41d5-b9f3-226188ae0f28: Системе не удается найти указанный путь. (0x3)
[0131/002243.147:ERROR:filesystem_win.cc(129)] GetFileAttributes C:\Users\Nikolay\AppData\Local\Google\Chrome\User Data\Crashpad\attachments\f7a4d2ff-371f-4db4-811f-4cc09bb8f2e3: Системе не удается найти указанный путь. (0x3)
[0131/002243.150:ERROR:filesystem_win.cc(129)] GetFileAttributes C:\Users\Nikolay\AppData\Local\Google\Chrome\User Data\Crashpad\attachments\48396184-0e3a-442c-9d1a-d241aafd1e93: Системе не удается найти указанный путь. (0x3)
[0131/002243.154:ERROR:filesystem_win.cc(129)] GetFileAttributes C:\Users\Nikolay\AppData\Local\Google\Chrome\User Data\Crashpad\attachments\48b6d17d-6421-4a50-bf10-e96a40deda5d: Системе не удается найти указанный путь. (0x3)
[0131/002243.158:ERROR:filesystem_win.cc(129)] GetFileAttributes C:\Users\Nikolay\AppData\Local\Google\Chrome\User Data\Crashpad\attachments\11409be3-374b-42ad-872e-42afc97e63c0: Системе не удается найти указанный путь. (0x3)
[0131/002243.161:ERROR:filesystem_win.cc(129)] GetFileAttributes C:\Users\Nikolay\AppData\Local\Google\Chrome\User Data\Crashpad\attachments\2c3d313a-c90c-4e32-9a92-6b1e033e11cc: Системе не удается найти указанный путь. (0x3)
[0131/002243.165:ERROR:filesystem_win.cc(129)] GetFileAttributes C:\Users\Nikolay\AppData\Local\Google\Chrome\User Data\Crashpad\attachments\c96ca1d2-3011-4505-a234-ed945db19a59: Системе не удается найти указанный путь. (0x3)
[0131/002243.169:ERROR:filesystem_win.cc(129)] GetFileAttributes C:\Users\Nikolay\AppData\Local\Google\Chrome\User Data\Crashpad\attachments\48d63f49-7282-44cf-a97d-b9f3a6b5ed7d: Системе не удается найти указанный путь. (0x3)
[0131/002243.172:ERROR:filesystem_win.cc(129)] GetFileAttributes C:\Users\Nikolay\AppData\Local\Google\Chrome\User Data\Crashpad\attachments\4b109e79-b996-4add-9382-f675a9fe920b: Системе не удается найти указанный путь. (0x3)
[0131/002243.176:ERROR:filesystem_win.cc(129)] GetFileAttributes C:\Users\Nikolay\AppData\Local\Google\Chrome\User Data\Crashpad\attachments\162d44c2-f059-493d-84c3-6805c9c42207: Системе не удается найти указанный путь. (0x3)
[0131/002243.179:ERROR:filesystem_win.cc(129)] GetFileAttributes C:\Users\Nikolay\AppData\Local\Google\Chrome\User Data\Crashpad\attachments\035244c4-348b-4014-a1c1-86a229d9bbba: Системе не удается найти указанный путь. (0x3)
[0131/002243.183:ERROR:filesystem_win.cc(129)] GetFileAttributes C:\Users\Nikolay\AppData\Local\Google\Chrome\User Data\Crashpad\attachments\3443c4d1-ff60-4bd3-9934-aec80313d5b3: Системе не удается найти указанный путь. (0x3)
[0131/002243.187:ERROR:filesystem_win.cc(129)] GetFileAttributes C:\Users\Nikolay\AppData\Local\Google\Chrome\User Data\Crashpad\attachments\3a2d2e7d-27d3-478c-a4bb-0dead62395e0: Системе не удается найти указанный путь. (0x3)
[0131/002243.190:ERROR:filesystem_win.cc(129)] GetFileAttributes C:\Users\Nikolay\AppData\Local\Google\Chrome\User Data\Crashpad\attachments\f038ebf5-21db-4ee1-a4c7-29550acfc2d3: Системе не удается найти указанный путь. (0x3)
[0131/002243.193:ERROR:filesystem_win.cc(129)] GetFileAttributes C:\Users\Nikolay\AppData\Local\Google\Chrome\User Data\Crashpad\attachments\b3cea529-4013-4045-a506-09725c67255a: Системе не удается найти указанный путь. (0x3)
[0131/002243.197:ERROR:filesystem_win.cc(129)] GetFileAttributes C:\Users\Nikolay\AppData\Local\Google\Chrome\User Data\Crashpad\attachments\e3a5da70-af2a-4572-a58f-d94642d7d0e1: Системе не удается найти указанный путь. (0x3)
[0131/002243.200:ERROR:filesystem_win.cc(129)] GetFileAttributes C:\Users\Nikolay\AppData\Local\Google\Chrome\User Data\Crashpad\attachments\ef5ddf88-bf81-45b1-b6b1-e5f3505e6f6a: Системе не удается найти указанный путь. (0x3)
[0131/002243.204:ERROR:filesystem_win.cc(129)] GetFileAttributes C:\Users\Nikolay\AppData\Local\Google\Chrome\User Data\Crashpad\attachments\776a9de5-8e75-4577-98e8-aaf5f67415c8: Системе не удается найти указанный путь. (0x3)
[0131/002243.207:ERROR:filesystem_win.cc(129)] GetFileAttributes C:\Users\Nikolay\AppData\Local\Google\Chrome\User Data\Crashpad\attachments\bc463bb4-dbc8-4015-a40e-d3a15c4dcff4: Системе не удается найти указанный путь. (0x3)
[0131/002243.211:ERROR:filesystem_win.cc(129)] GetFileAttributes C:\Users\Nikolay\AppData\Local\Google\Chrome\User Data\Crashpad\attachments\a0d3cda5-901a-4074-aec3-c8445f7c117d: Системе не удается найти указанный путь. (0x3)
[0131/002243.214:ERROR:filesystem_win.cc(129)] GetFileAttributes C:\Users\Nikolay\AppData\Local\Google\Chrome\User Data\Crashpad\attachments\17813b54-2b87-4f30-908a-4205477a6783: Системе не удается найти указанный путь. (0x3)
[0131/002243.217:ERROR:filesystem_win.cc(129)] GetFileAttributes C:\Users\Nikolay\AppData\Local\Google\Chrome\User Data\Crashpad\attachments\3fb919ff-44ec-46dc-a416-128134902b7e: Системе не удается найти указанный путь. (0x3)
[0131/002243.221:ERROR:filesystem_win.cc(129)] GetFileAttributes C:\Users\Nikolay\AppData\Local\Google\Chrome\User Data\Crashpad\attachments\d97253b3-2453-4b93-94b8-1c0938087d5d: Системе не удается найти указанный путь. (0x3)
[0131/002243.224:ERROR:filesystem_win.cc(129)] GetFileAttributes C:\Users\Nikolay\AppData\Local\Google\Chrome\User Data\Crashpad\attachments\98fd3968-79bb-453c-af11-d07eab178d9a: Системе не удается найти указанный путь. (0x3)
[0131/002243.227:ERROR:filesystem_win.cc(129)] GetFileAttributes C:\Users\Nikolay\AppData\Local\Google\Chrome\User Data\Crashpad\attachments\4442db2e-c76f-483d-9c33-fb7e5698d771: Системе не удается найти указанный путь. (0x3)
[0131/002243.231:ERROR:filesystem_win.cc(129)] GetFileAttributes C:\Users\Nikolay\AppData\Local\Google\Chrome\User Data\Crashpad\attachments\6167def5-e01b-485f-ac52-4497b152f226: Системе не удается найти указанный путь. (0x3)
[0131/002243.234:ERROR:filesystem_win.cc(129)] GetFileAttributes C:\Users\Nikolay\AppData\Local\Google\Chrome\User Data\Crashpad\attachments\f303deab-a0d3-47af-a850-e322ee76ceec: Системе не удается найти указанный путь. (0x3)
[0131/002243.237:ERROR:filesystem_win.cc(129)] GetFileAttributes C:\Users\Nikolay\AppData\Local\Google\Chrome\User Data\Crashpad\attachments\0c08b4d5-1d69-458f-b174-18fe400d8ec9: Системе не удается найти указанный путь. (0x3)
[0131/002243.240:ERROR:filesystem_win.cc(129)] GetFileAttributes C:\Users\Nikolay\AppData\Local\Google\Chrome\User Data\Crashpad\attachments\de5d453f-edd1-4af9-b600-4190aadd443c: Системе не удается найти указанный путь. (0x3)
[0131/002243.244:ERROR:filesystem_win.cc(129)] GetFileAttributes C:\Users\Nikolay\AppData\Local\Google\Chrome\User Data\Crashpad\attachments\4bbe1a02-3487-4ce1-9853-a179a166e751: Системе не удается найти указанный путь. (0x3)
[0131/002243.247:ERROR:filesystem_win.cc(129)] GetFileAttributes C:\Users\Nikolay\AppData\Local\Google\Chrome\User Data\Crashpad\attachments\ab272e5b-160f-4d76-b95d-441f7e6d49db: Системе не удается найти указанный путь. (0x3)
[0131/002243.250:ERROR:filesystem_win.cc(129)] GetFileAttributes C:\Users\Nikolay\AppData\Local\Google\Chrome\User Data\Crashpad\attachments\9ba0aa2e-25e4-4028-bf43-b84472c8a26c: Системе не удается найти указанный путь. (0x3)
[0131/002243.253:ERROR:filesystem_win.cc(129)] GetFileAttributes C:\Users\Nikolay\AppData\Local\Google\Chrome\User Data\Crashpad\attachments\99124528-6f25-4af9-9c3f-6fa4d3c836c1: Системе не удается найти указанный путь. (0x3)
[0131/002243.256:ERROR:filesystem_win.cc(129)] GetFileAttributes C:\Users\Nikolay\AppData\Local\Google\Chrome\User Data\Crashpad\attachments\3e1a0fb7-d19d-46e1-a44e-014f333a9353: Системе не удается найти указанный путь. (0x3)
[0131/002243.259:ERROR:filesystem_win.cc(129)] GetFileAttributes C:\Users\Nikolay\AppData\Local\Google\Chrome\User Data\Crashpad\attachments\f9be3cb3-80a8-4a3a-95c0-1741f61288ca: Системе не удается найти указанный путь. (0x3)
[0131/002243.262:ERROR:filesystem_win.cc(129)] GetFileAttributes C:\Users\Nikolay\AppData\Local\Google\Chrome\User Data\Crashpad\attachments\15bfafef-ca76-4200-a0a7-fb08f144cd8a: Системе не удается найти указанный путь. (0x3)
[0131/002243.265:ERROR:filesystem_win.cc(129)] GetFileAttributes C:\Users\Nikolay\AppData\Local\Google\Chrome\User Data\Crashpad\attachments\da6b9936-e2e0-44dd-b65b-2cf216633626: Системе не удается найти указанный путь. (0x3)
[0131/002243.268:ERROR:filesystem_win.cc(129)] GetFileAttributes C:\Users\Nikolay\AppData\Local\Google\Chrome\User Data\Crashpad\attachments\777e3244-73d3-4865-bdf5-976640407746: Системе не удается найти указанный путь. (0x3)
[0131/002243.270:ERROR:filesystem_win.cc(129)] GetFileAttributes C:\Users\Nikolay\AppData\Local\Google\Chrome\User Data\Crashpad\attachments\042f3ed1-f957-465d-9934-6ff2ea211aa7: Системе не удается найти указанный путь. (0x3)
[0131/002243.273:ERROR:filesystem_win.cc(129)] GetFileAttributes C:\Users\Nikolay\AppData\Local\Google\Chrome\User Data\Crashpad\attachments\23ed6240-93fa-405f-81af-02a2b55faf9c: Системе не удается найти указанный путь. (0x3)
[0131/002243.276:ERROR:filesystem_win.cc(129)] GetFileAttributes C:\Users\Nikolay\AppData\Local\Google\Chrome\User Data\Crashpad\attachments\b3922f70-d312-4121-a6b9-5a783e207595: Системе не удается найти указанный путь. (0x3)
[0131/002243.279:ERROR:filesystem_win.cc(129)] GetFileAttributes C:\Users\Nikolay\AppData\Local\Google\Chrome\User Data\Crashpad\attachments\8a4d833c-e85a-4271-a641-6193d52ae1de: Системе не удается найти указанный путь. (0x3)
[0131/002243.282:ERROR:filesystem_win.cc(129)] GetFileAttributes C:\Users\Nikolay\AppData\Local\Google\Chrome\User Data\Crashpad\attachments\6a8de047-cb54-4e01-96d4-878035b98dcd: Системе не удается найти указанный путь. (0x3)
[0131/002243.285:ERROR:filesystem_win.cc(129)] GetFileAttributes C:\Users\Nikolay\AppData\Local\Google\Chrome\User Data\Crashpad\attachments\c96ad4d9-9b88-4504-9ae1-02454959b91a: Системе не удается найти указанный путь. (0x3)
[0131/002243.288:ERROR:filesystem_win.cc(129)] GetFileAttributes C:\Users\Nikolay\AppData\Local\Google\Chrome\User Data\Crashpad\attachments\33ae4788-aa46-4d4c-aaa5-2899e65f55e0: Системе не удается найти указанный путь. (0x3)
[0131/002243.291:ERROR:filesystem_win.cc(129)] GetFileAttributes C:\Users\Nikolay\AppData\Local\Google\Chrome\User Data\Crashpad\attachments\940703c5-3171-43d2-94b9-54883a308e00: Системе не удается найти указанный путь. (0x3)
[0131/002243.294:ERROR:filesystem_win.cc(129)] GetFileAttributes C:\Users\Nikolay\AppData\Local\Google\Chrome\User Data\Crashpad\attachments\2e9ef63f-5e1a-4e07-923e-945daa4f0448: Системе не удается найти указанный путь. (0x3)
[0131/002243.297:ERROR:filesystem_win.cc(129)] GetFileAttributes C:\Users\Nikolay\AppData\Local\Google\Chrome\User Data\Crashpad\attachments\e5215735-5c1d-4565-a523-9e02a2e65500: Системе не удается найти указанный путь. (0x3)
[0131/002243.300:ERROR:filesystem_win.cc(129)] GetFileAttributes C:\Users\Nikolay\AppData\Local\Google\Chrome\User Data\Crashpad\attachments\96e6ebe0-4968-4286-82da-612406eb76be: Системе не удается найти указанный путь. (0x3)
[0131/002243.303:ERROR:filesystem_win.cc(129)] GetFileAttributes C:\Users\Nikolay\AppData\Local\Google\Chrome\User Data\Crashpad\attachments\67ceb2c9-f643-4dbd-8e37-1cd82c34b179: Системе не удается найти указанный путь. (0x3)
[0131/002243.305:ERROR:filesystem_win.cc(129)] GetFileAttributes C:\Users\Nikolay\AppData\Local\Google\Chrome\User Data\Crashpad\attachments\2ae21fc8-724a-41a5-93df-03fdb98ab06e: Системе не удается найти указанный путь. (0x3)
[0131/002243.308:ERROR:filesystem_win.cc(129)] GetFileAttributes C:\Users\Nikolay\AppData\Local\Google\Chrome\User Data\Crashpad\attachments\0428b185-896b-42f8-8262-65c3ada14335: Системе не удается найти указанный путь. (0x3)
[0131/002243.311:ERROR:filesystem_win.cc(129)] GetFileAttributes C:\Users\Nikolay\AppData\Local\Google\Chrome\User Data\Crashpad\attachments\c06edcc6-09c3-48c7-97af-1a370ef730e6: Системе не удается найти указанный путь. (0x3)
[0131/002243.314:ERROR:filesystem_win.cc(129)] GetFileAttributes C:\Users\Nikolay\AppData\Local\Google\Chrome\User Data\Crashpad\attachments\66704ee2-964a-4a5b-a834-a19192c60027: Системе не удается найти указанный путь. (0x3)
[0131/002243.316:ERROR:filesystem_win.cc(129)] GetFileAttributes C:\Users\Nikolay\AppData\Local\Google\Chrome\User Data\Crashpad\attachments\f5af91fa-092a-4769-b7ae-e92de30d93a1: Системе не удается найти указанный путь. (0x3)
[0131/002243.319:ERROR:filesystem_win.cc(129)] GetFileAttributes C:\Users\Nikolay\AppData\Local\Google\Chrome\User Data\Crashpad\attachments\c918015d-49e4-4ab4-881a-4e4ecc3d10a9: Системе не удается найти указанный путь. (0x3)
[0131/002243.322:ERROR:filesystem_win.cc(129)] GetFileAttributes C:\Users\Nikolay\AppData\Local\Google\Chrome\User Data\Crashpad\attachments\45075612-8196-45e4-a01c-2458dc3f14aa: Системе не удается найти указанный путь. (0x3)
[0131/002243.324:ERROR:filesystem_win.cc(129)] GetFileAttributes C:\Users\Nikolay\AppData\Local\Google\Chrome\User Data\Crashpad\attachments\f8ea5979-5408-43cd-99af-247d4185de70: Системе не удается найти указанный путь. (0x3)
[0131/002243.327:ERROR:filesystem_win.cc(129)] GetFileAttributes C:\Users\Nikolay\AppData\Local\Google\Chrome\User Data\Crashpad\attachments\5ef5ad8a-6b5f-4372-9e70-fa9bc2c45169: Системе не удается найти указанный путь. (0x3)
[0131/002243.330:ERROR:filesystem_win.cc(129)] GetFileAttributes C:\Users\Nikolay\AppData\Local\Google\Chrome\User Data\Crashpad\attachments\8bf1b049-9cba-46fb-a531-7207098bec75: Системе не удается найти указанный путь. (0x3)
[0131/002243.332:ERROR:filesystem_win.cc(129)] GetFileAttributes C:\Users\Nikolay\AppData\Local\Google\Chrome\User Data\Crashpad\attachments\1765e732-31c4-442a-975a-9d8603ea1e19: Системе не удается найти указанный путь. (0x3)
[0131/002243.335:ERROR:filesystem_win.cc(129)] GetFileAttributes C:\Users\Nikolay\AppData\Local\Google\Chrome\User Data\Crashpad\attachments\df3fd182-6d19-4ccb-aafa-14835e453634: Системе не удается найти указанный путь. (0x3)
[0131/002243.337:ERROR:filesystem_win.cc(129)] GetFileAttributes C:\Users\Nikolay\AppData\Local\Google\Chrome\User Data\Crashpad\attachments\0d5fc802-7b88-4165-8506-0a1103720bee: Системе не удается найти указанный путь. (0x3)
[0131/002243.340:ERROR:filesystem_win.cc(129)] GetFileAttributes C:\Users\Nikolay\AppData\Local\Google\Chrome\User Data\Crashpad\attachments\14bbf509-eb36-48e1-878e-373490739540: Системе не удается найти указанный путь. (0x3)
[0131/002243.342:ERROR:filesystem_win.cc(129)] GetFileAttributes C:\Users\Nikolay\AppData\Local\Google\Chrome\User Data\Crashpad\attachments\7823306f-fce6-464a-886a-84fc759c60d3: Системе не удается найти указанный путь. (0x3)
[0131/002243.345:ERROR:filesystem_win.cc(129)] GetFileAttributes C:\Users\Nikolay\AppData\Local\Google\Chrome\User Data\Crashpad\attachments\4d939a77-b26f-4f0b-95f6-9cb93bce1d40: Системе не удается найти указанный путь. (0x3)
[0131/002243.347:ERROR:filesystem_win.cc(129)] GetFileAttributes C:\Users\Nikolay\AppData\Local\Google\Chrome\User Data\Crashpad\attachments\677990a7-7e1f-42e0-bff9-91493cb1440a: Системе не удается найти указанный путь. (0x3)
[0131/002243.350:ERROR:filesystem_win.cc(129)] GetFileAttributes C:\Users\Nikolay\AppData\Local\Google\Chrome\User Data\Crashpad\attachments\e67d0d38-3b23-4ba2-8d30-33043b0cd501: Системе не удается найти указанный путь. (0x3)
[0131/002243.352:ERROR:filesystem_win.cc(129)] GetFileAttributes C:\Users\Nikolay\AppData\Local\Google\Chrome\User Data\Crashpad\attachments\588c8397-c3f2-4134-a5fe-dc133f3f7ac9: Системе не удается найти указанный путь. (0x3)
[0131/002243.355:ERROR:filesystem_win.cc(129)] GetFileAttributes C:\Users\Nikolay\AppData\Local\Google\Chrome\User Data\Crashpad\attachments\5b143eda-6643-471e-932a-6029445bf04f: Системе не удается найти указанный путь. (0x3)
[0131/002243.357:ERROR:filesystem_win.cc(129)] GetFileAttributes C:\Users\Nikolay\AppData\Local\Google\Chrome\User Data\Crashpad\attachments\4e4b6d4d-4775-4c7e-bff7-cde292159e36: Системе не удается найти указанный путь. (0x3)
[0131/002243.359:ERROR:filesystem_win.cc(129)] GetFileAttributes C:\Users\Nikolay\AppData\Local\Google\Chrome\User Data\Crashpad\attachments\76eb7c91-b74f-4b4f-b7de-34a4446533af: Системе не удается найти указанный путь. (0x3)
[0131/002243.362:ERROR:filesystem_win.cc(129)] GetFileAttributes C:\Users\Nikolay\AppData\Local\Google\Chrome\User Data\Crashpad\attachments\f5f3c1a0-208a-4510-a56a-b43d38bbd3c1: Системе не удается найти указанный путь. (0x3)
[0131/002243.364:ERROR:filesystem_win.cc(129)] GetFileAttributes C:\Users\Nikolay\AppData\Local\Google\Chrome\User Data\Crashpad\attachments\d8f7437b-f5fc-4ae7-bed3-f231d848e8ae: Системе не удается найти указанный путь. (0x3)
[0131/002243.366:ERROR:filesystem_win.cc(129)] GetFileAttributes C:\Users\Nikolay\AppData\Local\Google\Chrome\User Data\Crashpad\attachments\33158834-7327-4842-bf3f-7bb899051e6b: Системе не удается найти указанный путь. (0x3)
[0131/002243.368:ERROR:filesystem_win.cc(129)] GetFileAttributes C:\Users\Nikolay\AppData\Local\Google\Chrome\User Data\Crashpad\attachments\8b548f06-757f-4cad-ac57-33ac149ecc2b: Системе не удается найти указанный путь. (0x3)
[0131/002243.371:ERROR:filesystem_win.cc(129)] GetFileAttributes C:\Users\Nikolay\AppData\Local\Google\Chrome\User Data\Crashpad\attachments\53f78439-93d4-42cc-ad72-24c4f3ce0c87: Системе не удается найти указанный путь. (0x3)
[0131/002243.373:ERROR:filesystem_win.cc(129)] GetFileAttributes C:\Users\Nikolay\AppData\Local\Google\Chrome\User Data\Crashpad\attachments\c88c9acb-b894-48cb-a8c2-c0bad00e1ecf: Системе не удается найти указанный путь. (0x3)
[0131/002243.375:ERROR:filesystem_win.cc(129)] GetFileAttributes C:\Users\Nikolay\AppData\Local\Google\Chrome\User Data\Crashpad\attachments\2d8e44db-0035-4899-81a0-a5766ac020f9: Системе не удается найти указанный путь. (0x3)
[0131/002243.378:ERROR:filesystem_win.cc(129)] GetFileAttributes C:\Users\Nikolay\AppData\Local\Google\Chrome\User Data\Crashpad\attachments\4715be6d-6eea-4e6b-9018-629743fe98a4: Системе не удается найти указанный путь. (0x3)
[0131/002243.380:ERROR:filesystem_win.cc(129)] GetFileAttributes C:\Users\Nikolay\AppData\Local\Google\Chrome\User Data\Crashpad\attachments\24a96a62-2988-45b5-ad6e-f4f2506c0f9f: Системе не удается найти указанный путь. (0x3)
[0131/002243.382:ERROR:filesystem_win.cc(129)] GetFileAttributes C:\Users\Nikolay\AppData\Local\Google\Chrome\User Data\Crashpad\attachments\9a0c0b5d-6297-428d-89f1-1c21e247c3e3: Системе не удается найти указанный путь. (0x3)
[0131/002243.384:ERROR:filesystem_win.cc(129)] GetFileAttributes C:\Users\Nikolay\AppData\Local\Google\Chrome\User Data\Crashpad\attachments\59bc0244-a4a1-4140-9b63-97d813cc78e0: Системе не удается найти указанный путь. (0x3)
[0131/002243.386:ERROR:filesystem_win.cc(129)] GetFileAttributes C:\Users\Nikolay\AppData\Local\Google\Chrome\User Data\Crashpad\attachments\ecfccb40-6173-4240-a3d3-ff8cc76e1ede: Системе не удается найти указанный путь. (0x3)
[0131/002243.388:ERROR:filesystem_win.cc(129)] GetFileAttributes C:\Users\Nikolay\AppData\Local\Google\Chrome\User Data\Crashpad\attachments\646ec5b2-002a-48b6-9ecd-fb4697be4402: Системе не удается найти указанный путь. (0x3)
[0131/002243.390:ERROR:filesystem_win.cc(129)] GetFileAttributes C:\Users\Nikolay\AppData\Local\Google\Chrome\User Data\Crashpad\attachments\07665c9e-8d3e-4cbe-b8af-8455c574b9e1: Системе не удается найти указанный путь. (0x3)
[0131/002243.393:ERROR:filesystem_win.cc(129)] GetFileAttributes C:\Users\Nikolay\AppData\Local\Google\Chrome\User Data\Crashpad\attachments\97c07a61-8686-447c-8edf-9925ea5b7c52: Системе не удается найти указанный путь. (0x3)
[0131/002243.395:ERROR:filesystem_win.cc(129)] GetFileAttributes C:\Users\Nikolay\AppData\Local\Google\Chrome\User Data\Crashpad\attachments\c30eb032-7e2c-4ab6-bf93-39d2b2832069: Системе не удается найти указанный путь. (0x3)
[0131/002243.397:ERROR:filesystem_win.cc(129)] GetFileAttributes C:\Users\Nikolay\AppData\Local\Google\Chrome\User Data\Crashpad\attachments\7ff0760c-5a8b-4f8e-881e-d8716c78f507: Системе не удается найти указанный путь. (0x3)
[0131/002243.399:ERROR:filesystem_win.cc(129)] GetFileAttributes C:\Users\Nikolay\AppData\Local\Google\Chrome\User Data\Crashpad\attachments\721c15aa-ab3d-400b-904b-680780d3f2dd: Системе не удается найти указанный путь. (0x3)
[0131/002243.401:ERROR:filesystem_win.cc(129)] GetFileAttributes C:\Users\Nikolay\AppData\Local\Google\Chrome\User Data\Crashpad\attachments\863513cd-6bcc-4959-9e67-9c3c2b3f87a8: Системе не удается найти указанный путь. (0x3)
[0131/002243.404:ERROR:filesystem_win.cc(129)] GetFileAttributes C:\Users\Nikolay\AppData\Local\Google\Chrome\User Data\Crashpad\attachments\b69ce7a7-fec8-47e3-ad77-a7e3b1116091: Системе не удается найти указанный путь. (0x3)
[0131/002243.406:ERROR:filesystem_win.cc(129)] GetFileAttributes C:\Users\Nikolay\AppData\Local\Google\Chrome\User Data\Crashpad\attachments\e513e133-e05b-49ce-b5ed-8ca72300e6c7: Системе не удается найти указанный путь. (0x3)
[0131/002243.408:ERROR:filesystem_win.cc(129)] GetFileAttributes C:\Users\Nikolay\AppData\Local\Google\Chrome\User Data\Crashpad\attachments\ce588422-8f6a-4fdd-aed2-2035f774fe79: Системе не удается найти указанный путь. (0x3)
[0131/002243.410:ERROR:filesystem_win.cc(129)] GetFileAttributes C:\Users\Nikolay\AppData\Local\Google\Chrome\User Data\Crashpad\attachments\c56a7b8a-987a-4b7e-9827-ad0550d7cbf5: Системе не удается найти указанный путь. (0x3)
[0131/002243.412:ERROR:filesystem_win.cc(129)] GetFileAttributes C:\Users\Nikolay\AppData\Local\Google\Chrome\User Data\Crashpad\attachments\3acb67ad-99de-4ae1-8a93-f8cccdc9d93c: Системе не удается найти указанный путь. (0x3)
[0131/002243.413:ERROR:filesystem_win.cc(129)] GetFileAttributes C:\Users\Nikolay\AppData\Local\Google\Chrome\User Data\Crashpad\attachments\5af63dd5-71e3-4622-9ae0-2dc3d1fc6844: Системе не удается найти указанный путь. (0x3)
[0131/002243.415:ERROR:filesystem_win.cc(129)] GetFileAttributes C:\Users\Nikolay\AppData\Local\Google\Chrome\User Data\Crashpad\attachments\4e819edd-66f5-485d-9711-63d5637df887: Системе не удается найти указанный путь. (0x3)
[0131/002243.417:ERROR:filesystem_win.cc(129)] GetFileAttributes C:\Users\Nikolay\AppData\Local\Google\Chrome\User Data\Crashpad\attachments\3a040caf-8543-4666-9500-ee8f0ac4f08b: Системе не удается найти указанный путь. (0x3)
[0131/002243.419:ERROR:filesystem_win.cc(129)] GetFileAttributes C:\Users\Nikolay\AppData\Local\Google\Chrome\User Data\Crashpad\attachments\1afab5bc-a999-4141-a1da-9bd0067d4d71: Системе не удается найти указанный путь. (0x3)
[0131/002243.421:ERROR:filesystem_win.cc(129)] GetFileAttributes C:\Users\Nikolay\AppData\Local\Google\Chrome\User Data\Crashpad\attachments\a8a77f1c-41ff-41fd-8c92-ec859baa42a2: Системе не удается найти указанный путь. (0x3)
[0131/002243.423:ERROR:filesystem_win.cc(129)] GetFileAttributes C:\Users\Nikolay\AppData\Local\Google\Chrome\User Data\Crashpad\attachments\c0ef02c8-39ee-46e0-af2c-12d884c9253f: Системе не удается найти указанный путь. (0x3)
[0131/002243.424:ERROR:filesystem_win.cc(129)] GetFileAttributes C:\Users\Nikolay\AppData\Local\Google\Chrome\User Data\Crashpad\attachments\8e983123-3665-4293-ad83-81c69b3ba77b: Системе не удается найти указанный путь. (0x3)
[0131/002243.426:ERROR:filesystem_win.cc(129)] GetFileAttributes C:\Users\Nikolay\AppData\Local\Google\Chrome\User Data\Crashpad\attachments\2d82d554-045d-4c82-826f-45446ecad242: Системе не удается найти указанный путь. (0x3)
[0131/002243.428:ERROR:filesystem_win.cc(129)] GetFileAttributes C:\Users\Nikolay\AppData\Local\Google\Chrome\User Data\Crashpad\attachments\f15ed0e1-8253-42f5-a8d8-85c0fb99ae33: Системе не удается найти указанный путь. (0x3)
[0131/002243.429:ERROR:filesystem_win.cc(129)] GetFileAttributes C:\Users\Nikolay\AppData\Local\Google\Chrome\User Data\Crashpad\attachments\c3c24484-9906-4cc3-9a34-eede00fb9a02: Системе не удается найти указанный путь. (0x3)
[0131/002243.431:ERROR:filesystem_win.cc(129)] GetFileAttributes C:\Users\Nikolay\AppData\Local\Google\Chrome\User Data\Crashpad\attachments\cd9c1c68-c9fa-4347-b2f8-ae70269761fe: Системе не удается найти указанный путь. (0x3)
[0131/002243.433:ERROR:filesystem_win.cc(129)] GetFileAttributes C:\Users\Nikolay\AppData\Local\Google\Chrome\User Data\Crashpad\attachments\8a4e75f2-0547-43a2-a72a-8cc754ba1ec1: Системе не удается найти указанный путь. (0x3)
[0131/002243.434:ERROR:filesystem_win.cc(129)] GetFileAttributes C:\Users\Nikolay\AppData\Local\Google\Chrome\User Data\Crashpad\attachments\51de42eb-5cf8-4743-a162-90b9fbf0f45e: Системе не удается найти указанный путь. (0x3)
[0131/002243.436:ERROR:filesystem_win.cc(129)] GetFileAttributes C:\Users\Nikolay\AppData\Local\Google\Chrome\User Data\Crashpad\attachments\06f764a3-3780-4901-94fa-c9db3cfc954f: Системе не удается найти указанный путь. (0x3)
[0131/002243.437:ERROR:filesystem_win.cc(129)] GetFileAttributes C:\Users\Nikolay\AppData\Local\Google\Chrome\User Data\Crashpad\attachments\3de027c0-5c0b-48b2-bbac-11a4a953b981: Системе не удается найти указанный путь. (0x3)
[0131/002243.439:ERROR:filesystem_win.cc(129)] GetFileAttributes C:\Users\Nikolay\AppData\Local\Google\Chrome\User Data\Crashpad\attachments\9f027eab-8fb1-47f6-b141-ccb30270fb58: Системе не удается найти указанный путь. (0x3)
[0131/002243.442:ERROR:filesystem_win.cc(129)] GetFileAttributes C:\Users\Nikolay\AppData\Local\Google\Chrome\User Data\Crashpad\attachments\0d1a27cf-07be-4dff-a0e2-190ecbaf547f: Системе не удается найти указанный путь. (0x3)
[0131/002243.444:ERROR:filesystem_win.cc(129)] GetFileAttributes C:\Users\Nikolay\AppData\Local\Google\Chrome\User Data\Crashpad\attachments\7bda562d-5503-43da-8cfe-e487c4c412da: Системе не удается найти указанный путь. (0x3)
[0131/002243.445:ERROR:filesystem_win.cc(129)] GetFileAttributes C:\Users\Nikolay\AppData\Local\Google\Chrome\User Data\Crashpad\attachments\65206ade-2d88-4b3a-be70-b32d7ad7987c: Системе не удается найти указанный путь. (0x3)
[0131/002243.447:ERROR:filesystem_win.cc(129)] GetFileAttributes C:\Users\Nikolay\AppData\Local\Google\Chrome\User Data\Crashpad\attachments\32a85c77-c864-407a-8009-bd05f6c8fc27: Системе не удается найти указанный путь. (0x3)
[0131/002243.448:ERROR:filesystem_win.cc(129)] GetFileAttributes C:\Users\Nikolay\AppData\Local\Google\Chrome\User Data\Crashpad\attachments\09f9c134-b093-467a-9f5b-420253ecd526: Системе не удается найти указанный путь. (0x3)
[0131/002243.451:ERROR:filesystem_win.cc(129)] GetFileAttributes C:\Users\Nikolay\AppData\Local\Google\Chrome\User Data\Crashpad\attachments\ea1700be-bbcd-42e2-87e0-c3f76bec7bf2: Системе не удается найти указанный путь. (0x3)
[0131/002243.452:ERROR:filesystem_win.cc(129)] GetFileAttributes C:\Users\Nikolay\AppData\Local\Google\Chrome\User Data\Crashpad\attachments\40748251-b78f-4b9f-a9fa-b4a443501f84: Системе не удается найти указанный путь. (0x3)
[0131/002243.454:ERROR:filesystem_win.cc(129)] GetFileAttributes C:\Users\Nikolay\AppData\Local\Google\Chrome\User Data\Crashpad\attachments\9328b976-bdfb-4c5b-829f-d4a3b65a3dda: Системе не удается найти указанный путь. (0x3)
[0131/002243.455:ERROR:filesystem_win.cc(129)] GetFileAttributes C:\Users\Nikolay\AppData\Local\Google\Chrome\User Data\Crashpad\attachments\9fa5ceea-639f-4b8c-a5a6-f4607c8496c0: Системе не удается найти указанный путь. (0x3)
[0131/002243.457:ERROR:filesystem_win.cc(129)] GetFileAttributes C:\Users\Nikolay\AppData\Local\Google\Chrome\User Data\Crashpad\attachments\9ed76935-628d-41fd-9b8f-8d7d7f7afb0f: Системе не удается найти указанный путь. (0x3)
[0131/002243.458:ERROR:filesystem_win.cc(129)] GetFileAttributes C:\Users\Nikolay\AppData\Local\Google\Chrome\User Data\Crashpad\attachments\7dea62fb-2b37-4d88-ba50-13360ac149c3: Системе не удается найти указанный путь. (0x3)
[0131/002243.459:ERROR:filesystem_win.cc(129)] GetFileAttributes C:\Users\Nikolay\AppData\Local\Google\Chrome\User Data\Crashpad\attachments\9f1a2b88-fd0a-4e2f-9cea-e99e41e3bb95: Системе не удается найти указанный путь. (0x3)
[0131/002243.461:ERROR:filesystem_win.cc(129)] GetFileAttributes C:\Users\Nikolay\AppData\Local\Google\Chrome\User Data\Crashpad\attachments\33945555-57db-40eb-9716-4734ca4df4d0: Системе не удается найти указанный путь. (0x3)
[0131/002243.462:ERROR:filesystem_win.cc(129)] GetFileAttributes C:\Users\Nikolay\AppData\Local\Google\Chrome\User Data\Crashpad\attachments\4939260d-dacd-4342-ba99-4e400ced22ee: Системе не удается найти указанный путь. (0x3)
[0131/002243.463:ERROR:filesystem_win.cc(129)] GetFileAttributes C:\Users\Nikolay\AppData\Local\Google\Chrome\User Data\Crashpad\attachments\554627de-941b-42a8-92f4-9e7e57fe56e3: Системе не удается найти указанный путь. (0x3)
[0131/002243.465:ERROR:filesystem_win.cc(129)] GetFileAttributes C:\Users\Nikolay\AppData\Local\Google\Chrome\User Data\Crashpad\attachments\25147e45-890a-4a24-822f-59a74bb53226: Системе не удается найти указанный путь. (0x3)
[0131/002243.466:ERROR:filesystem_win.cc(129)] GetFileAttributes C:\Users\Nikolay\AppData\Local\Google\Chrome\User Data\Crashpad\attachments\903f646c-a69e-440e-b685-4aaad0b7a5ed: Системе не удается найти указанный путь. (0x3)
[0131/002243.467:ERROR:filesystem_win.cc(129)] GetFileAttributes C:\Users\Nikolay\AppData\Local\Google\Chrome\User Data\Crashpad\attachments\c58bd7a9-0639-462e-a72f-d5342a1e4a0c: Системе не удается найти указанный путь. (0x3)
[0131/002243.468:ERROR:filesystem_win.cc(129)] GetFileAttributes C:\Users\Nikolay\AppData\Local\Google\Chrome\User Data\Crashpad\attachments\8fb14ebe-c14e-4f89-9510-af0d904364d1: Системе не удается найти указанный путь. (0x3)
[0131/002243.470:ERROR:filesystem_win.cc(129)] GetFileAttributes C:\Users\Nikolay\AppData\Local\Google\Chrome\User Data\Crashpad\attachments\ca91d0c1-2edd-4d7d-b3f1-89ef1b26093f: Системе не удается найти указанный путь. (0x3)
[0131/002243.471:ERROR:filesystem_win.cc(129)] GetFileAttributes C:\Users\Nikolay\AppData\Local\Google\Chrome\User Data\Crashpad\attachments\b038f544-099c-420d-a052-1459f2d784f3: Системе не удается найти указанный путь. (0x3)
[0131/002243.472:ERROR:filesystem_win.cc(129)] GetFileAttributes C:\Users\Nikolay\AppData\Local\Google\Chrome\User Data\Crashpad\attachments\3382478d-7f07-472b-ab67-3fdb6d4a56b3: Системе не удается найти указанный путь. (0x3)
[0131/002243.473:ERROR:filesystem_win.cc(129)] GetFileAttributes C:\Users\Nikolay\AppData\Local\Google\Chrome\User Data\Crashpad\attachments\f88c7f0b-ca67-4890-8cd0-1b0a6320e1d4: Системе не удается найти указанный путь. (0x3)
[0131/002243.474:ERROR:filesystem_win.cc(129)] GetFileAttributes C:\Users\Nikolay\AppData\Local\Google\Chrome\User Data\Crashpad\attachments\1c42c2e2-2a0e-4095-97b8-602b39bf48e3: Системе не удается найти указанный путь. (0x3)
[0131/002243.475:ERROR:filesystem_win.cc(129)] GetFileAttributes C:\Users\Nikolay\AppData\Local\Google\Chrome\User Data\Crashpad\attachments\4b56dda4-f732-4cd6-9a48-70996f618263: Системе не удается найти указанный путь. (0x3)
[0131/002243.476:ERROR:filesystem_win.cc(129)] GetFileAttributes C:\Users\Nikolay\AppData\Local\Google\Chrome\User Data\Crashpad\attachments\7e10db16-1a67-4f81-8533-9918be51f9b7: Системе не удается найти указанный путь. (0x3)
[0131/002243.477:ERROR:filesystem_win.cc(129)] GetFileAttributes C:\Users\Nikolay\AppData\Local\Google\Chrome\User Data\Crashpad\attachments\ec38edc7-5c11-4372-bf62-7cca83a969e5: Системе не удается найти указанный путь. (0x3)
[0131/002243.478:ERROR:filesystem_win.cc(129)] GetFileAttributes C:\Users\Nikolay\AppData\Local\Google\Chrome\User Data\Crashpad\attachments\057ed725-85bc-42b1-a8b3-26b79a08925f: Системе не удается найти указанный путь. (0x3)
[0131/002243.479:ERROR:filesystem_win.cc(129)] GetFileAttributes C:\Users\Nikolay\AppData\Local\Google\Chrome\User Data\Crashpad\attachments\475d9baa-7d10-440b-88d2-71fc57f0e728: Системе не удается найти указанный путь. (0x3)
[0131/002243.480:ERROR:filesystem_win.cc(129)] GetFileAttributes C:\Users\Nikolay\AppData\Local\Google\Chrome\User Data\Crashpad\attachments\9db5fdb4-897f-4ecd-8dac-33caa5e32991: Системе не удается найти указанный путь. (0x3)
[0131/002243.481:ERROR:filesystem_win.cc(129)] GetFileAttributes C:\Users\Nikolay\AppData\Local\Google\Chrome\User Data\Crashpad\attachments\516dd56d-cbbc-478b-83f6-48bab896f400: Системе не удается найти указанный путь. (0x3)
[0131/002243.482:ERROR:filesystem_win.cc(129)] GetFileAttributes C:\Users\Nikolay\AppData\Local\Google\Chrome\User Data\Crashpad\attachments\2cdba7a1-92ba-402c-a8fb-f9bb6676ddab: Системе не удается найти указанный путь. (0x3)
[0131/002243.483:ERROR:filesystem_win.cc(129)] GetFileAttributes C:\Users\Nikolay\AppData\Local\Google\Chrome\User Data\Crashpad\attachments\1fc158f3-6688-4c62-b59a-5afdbc16bc98: Системе не удается найти указанный путь. (0x3)
[0131/002243.484:ERROR:filesystem_win.cc(129)] GetFileAttributes C:\Users\Nikolay\AppData\Local\Google\Chrome\User Data\Crashpad\attachments\2d901200-e838-41dd-91ef-964202760ee7: Системе не удается найти указанный путь. (0x3)
[0131/002243.485:ERROR:filesystem_win.cc(129)] GetFileAttributes C:\Users\Nikolay\AppData\Local\Google\Chrome\User Data\Crashpad\attachments\2b4edae0-04e7-462a-8425-5e69a23ce955: Системе не удается найти указанный путь. (0x3)
[0131/002243.485:ERROR:filesystem_win.cc(129)] GetFileAttributes C:\Users\Nikolay\AppData\Local\Google\Chrome\User Data\Crashpad\attachments\601a9505-bd44-4423-93b6-930cea47e098: Системе не удается найти указанный путь. (0x3)
[0131/002243.486:ERROR:filesystem_win.cc(129)] GetFileAttributes C:\Users\Nikolay\AppData\Local\Google\Chrome\User Data\Crashpad\attachments\b0e3479f-5704-4ddf-8017-5cddb3fb4671: Системе не удается найти указанный путь. (0x3)
[0131/002243.487:ERROR:filesystem_win.cc(129)] GetFileAttributes C:\Users\Nikolay\AppData\Local\Google\Chrome\User Data\Crashpad\attachments\a63a6c7d-5e05-4568-b6b4-5844c731dd33: Системе не удается найти указанный путь. (0x3)
[0131/002243.488:ERROR:filesystem_win.cc(129)] GetFileAttributes C:\Users\Nikolay\AppData\Local\Google\Chrome\User Data\Crashpad\attachments\34596018-a948-4c81-b967-1880e865403f: Системе не удается найти указанный путь. (0x3)
[0131/002243.489:ERROR:filesystem_win.cc(129)] GetFileAttributes C:\Users\Nikolay\AppData\Local\Google\Chrome\User Data\Crashpad\attachments\edef61b9-4f89-439e-87f9-d9eef6f75554: Системе не удается найти указанный путь. (0x3)
[0131/002243.489:ERROR:filesystem_win.cc(129)] GetFileAttributes C:\Users\Nikolay\AppData\Local\Google\Chrome\User Data\Crashpad\attachments\04e33642-cd8a-4687-89f5-806487edec22: Системе не удается найти указанный путь. (0x3)
[0131/002243.490:ERROR:filesystem_win.cc(129)] GetFileAttributes C:\Users\Nikolay\AppData\Local\Google\Chrome\User Data\Crashpad\attachments\a90ae761-61f2-4b07-8873-19f2a6b41be0: Системе не удается найти указанный путь. (0x3)
[0131/002243.491:ERROR:filesystem_win.cc(129)] GetFileAttributes C:\Users\Nikolay\AppData\Local\Google\Chrome\User Data\Crashpad\attachments\edc5fe35-3ad2-4fe4-8aa2-97f609458b70: Системе не удается найти указанный путь. (0x3)
[0131/002243.492:ERROR:filesystem_win.cc(129)] GetFileAttributes C:\Users\Nikolay\AppData\Local\Google\Chrome\User Data\Crashpad\attachments\373c77fe-2fb6-42f3-9e1d-2dba4f793cda: Системе не удается найти указанный путь. (0x3)
[0131/002243.492:ERROR:filesystem_win.cc(129)] GetFileAttributes C:\Users\Nikolay\AppData\Local\Google\Chrome\User Data\Crashpad\attachments\236abe3a-3ef5-4029-b646-793436026fe5: Системе не удается найти указанный путь. (0x3)
[0131/002243.493:ERROR:filesystem_win.cc(129)] GetFileAttributes C:\Users\Nikolay\AppData\Local\Google\Chrome\User Data\Crashpad\attachments\8bb9bd33-6eab-4fbd-a9da-22dd531d742a: Системе не удается найти указанный путь. (0x3)
[0131/002243.493:ERROR:filesystem_win.cc(129)] GetFileAttributes C:\Users\Nikolay\AppData\Local\Google\Chrome\User Data\Crashpad\attachments\f690cecd-a255-4ddc-a610-9aef2d6c6496: Системе не удается найти указанный путь. (0x3)
[0131/002243.494:ERROR:filesystem_win.cc(129)] GetFileAttributes C:\Users\Nikolay\AppData\Local\Google\Chrome\User Data\Crashpad\attachments\7a600ecd-ea61-4cce-9a3e-b1df7f668b05: Системе не удается найти указанный путь. (0x3)
[0131/002243.495:ERROR:filesystem_win.cc(129)] GetFileAttributes C:\Users\Nikolay\AppData\Local\Google\Chrome\User Data\Crashpad\attachments\c710e131-ff99-4943-95a6-f95e7cb0078e: Системе не удается найти указанный путь. (0x3)
[0131/002243.495:ERROR:filesystem_win.cc(129)] GetFileAttributes C:\Users\Nikolay\AppData\Local\Google\Chrome\User Data\Crashpad\attachments\a79394a2-5b7e-41dc-bf4e-d112aada1aad: Системе не удается найти указанный путь. (0x3)
[0131/002243.496:ERROR:filesystem_win.cc(129)] GetFileAttributes C:\Users\Nikolay\AppData\Local\Google\Chrome\User Data\Crashpad\attachments\26c505a4-43b6-42dd-b1a6-bfd61abe772b: Системе не удается найти указанный путь. (0x3)
[0131/002243.496:ERROR:filesystem_win.cc(129)] GetFileAttributes C:\Users\Nikolay\AppData\Local\Google\Chrome\User Data\Crashpad\attachments\c7d97250-1725-450e-b11a-46d653fbf849: Системе не удается найти указанный путь. (0x3)
[0131/002243.498:ERROR:filesystem_win.cc(129)] GetFileAttributes C:\Users\Nikolay\AppData\Local\Google\Chrome\User Data\Crashpad\attachments\28fea28c-d088-4a98-bcfe-915492b6d08e: Системе не удается найти указанный путь. (0x3)
[0131/002243.499:ERROR:filesystem_win.cc(129)] GetFileAttributes C:\Users\Nikolay\AppData\Local\Google\Chrome\User Data\Crashpad\attachments\362f773f-1d8a-416d-b00e-0be62c7d9fab: Системе не удается найти указанный путь. (0x3)
[0131/002243.499:ERROR:filesystem_win.cc(129)] GetFileAttributes C:\Users\Nikolay\AppData\Local\Google\Chrome\User Data\Crashpad\attachments\64b82269-5c3e-4da8-b628-0f09c5d729a0: Системе не удается найти указанный путь. (0x3)
[0131/002243.500:ERROR:filesystem_win.cc(129)] GetFileAttributes C:\Users\Nikolay\AppData\Local\Google\Chrome\User Data\Crashpad\attachments\9ec81bd2-9d23-4069-b714-3a4fd99787a5: Системе не удается найти указанный путь. (0x3)
[0131/002243.500:ERROR:filesystem_win.cc(129)] GetFileAttributes C:\Users\Nikolay\AppData\Local\Google\Chrome\User Data\Crashpad\attachments\f123d47e-76f6-4111-82a8-f1ed10ce29b8: Системе не удается найти указанный путь. (0x3)
[0131/002243.501:ERROR:filesystem_win.cc(129)] GetFileAttributes C:\Users\Nikolay\AppData\Local\Google\Chrome\User Data\Crashpad\attachments\3ca72b5e-d0bf-4e94-b383-fd44f60cf801: Системе не удается найти указанный путь. (0x3)
[0131/002243.501:ERROR:filesystem_win.cc(129)] GetFileAttributes C:\Users\Nikolay\AppData\Local\Google\Chrome\User Data\Crashpad\attachments\9303c80f-ba73-47ce-9f98-e56a3d78ced8: Системе не удается найти указанный путь. (0x3)
[0131/002243.501:ERROR:filesystem_win.cc(129)] GetFileAttributes C:\Users\Nikolay\AppData\Local\Google\Chrome\User Data\Crashpad\attachments\9d918a8a-c12c-4ed9-89c9-cdfdbb053a02: Системе не удается найти указанный путь. (0x3)
[0131/002243.502:ERROR:filesystem_win.cc(129)] GetFileAttributes C:\Users\Nikolay\AppData\Local\Google\Chrome\User Data\Crashpad\attachments\a5247373-aea1-4326-8b97-b054dd5c471e: Системе не удается найти указанный путь. (0x3)
[0131/002243.504:ERROR:filesystem_win.cc(129)] GetFileAttributes C:\Users\Nikolay\AppData\Local\Google\Chrome\User Data\Crashpad\attachments\50f17f8d-e742-4365-b58d-7f64d860a4a1: Системе не удается найти указанный путь. (0x3)
[0131/002243.505:ERROR:filesystem_win.cc(129)] GetFileAttributes C:\Users\Nikolay\AppData\Local\Google\Chrome\User Data\Crashpad\attachments\bdc94b10-7395-4358-94ea-804daf775117: Системе не удается найти указанный путь. (0x3)
